[debug] [2025-06-09T08:39:50.754Z] ----------------------------------------------------------------------
[debug] [2025-06-09T08:39:50.766Z] Command:       /usr/bin/node /usr/local/bin/firebase init firestore
[debug] [2025-06-09T08:39:50.767Z] CLI Version:   14.6.0
[debug] [2025-06-09T08:39:50.768Z] Platform:      linux
[debug] [2025-06-09T08:39:50.768Z] Node Version:  v20.16.0
[debug] [2025-06-09T08:39:50.769Z] Time:          Mon Jun 09 2025 09:39:50 GMT+0100 (heure normale d’Afrique de l’Ouest)
[debug] [2025-06-09T08:39:50.770Z] ----------------------------------------------------------------------
[debug] 
[debug] [2025-06-09T08:39:50.788Z] > command requires scopes: ["email","openid","https://www.googleapis.com/auth/cloudplatformprojects.readonly","https://www.googleapis.com/auth/firebase","https://www.googleapis.com/auth/cloud-platform"]
[debug] [2025-06-09T08:39:50.790Z] > authorizing via signed-in user (nanatchoffojunior@gmail.com)
[info] 
     ######## #### ########  ######## ########     ###     ######  ########
     ##        ##  ##     ## ##       ##     ##  ##   ##  ##       ##
     ######    ##  ########  ######   ########  #########  ######  ######
     ##        ##  ##    ##  ##       ##     ## ##     ##       ## ##
     ##       #### ##     ## ######## ########  ##     ##  ######  ########

You're about to initialize a Firebase project in this directory:

  /home/stive-junior/NutriPlanner

[info] 
=== Project Setup
[info] 
[info] First, let's associate this project directory with a Firebase project.
[info] You can create multiple project aliases by running firebase use --add, 
[info] but for now we'll just set up a default project.
[info] 
[debug] [2025-06-09T08:39:58.295Z] Checked if tokens are valid: false, expires at: 1747334453411
[debug] [2025-06-09T08:39:58.296Z] Checked if tokens are valid: false, expires at: 1747334453411
[debug] [2025-06-09T08:39:58.299Z] > refreshing access token with scopes: []
[debug] [2025-06-09T08:39:58.314Z] >>> [apiv2][query] POST https://www.googleapis.com/oauth2/v3/token [none]
[debug] [2025-06-09T08:39:58.314Z] >>> [apiv2][body] POST https://www.googleapis.com/oauth2/v3/token [omitted]
[debug] [2025-06-09T08:39:59.661Z] <<< [apiv2][status] POST https://www.googleapis.com/oauth2/v3/token 200
[debug] [2025-06-09T08:39:59.662Z] <<< [apiv2][body] POST https://www.googleapis.com/oauth2/v3/token [omitted]
[debug] [2025-06-09T08:39:59.893Z] >>> [apiv2][query] GET https://firebase.googleapis.com/v1beta1/projects pageSize=100
[debug] [2025-06-09T08:40:02.414Z] <<< [apiv2][status] GET https://firebase.googleapis.com/v1beta1/projects 200
[debug] [2025-06-09T08:40:02.415Z] <<< [apiv2][body] GET https://firebase.googleapis.com/v1beta1/projects [omitted]
[debug] [2025-06-09T08:40:17.332Z] ExitPromptError: User force closed the prompt with SIGINT
    at Interface.sigint (/usr/local/lib/node_modules/firebase-tools/node_modules/@inquirer/core/dist/commonjs/lib/create-prompt.js:101:37)
    at Interface.emit (node:events:519:28)
    at Interface.emit (node:domain:488:12)
    at [_ttyWrite] [as _ttyWrite] (node:internal/readline/interface:1126:18)
    at ReadStream.onkeypress (node:internal/readline/interface:265:20)
    at ReadStream.emit (node:events:531:35)
    at ReadStream.emit (node:domain:488:12)
    at emitKeys (node:internal/readline/utils:371:14)
    at emitKeys.next (<anonymous>)
    at ReadStream.onData (node:internal/readline/emitKeypressEvents:64:36)
[error] 
[error] Error: An unexpected error has occurred.
